e:\study\programming\bookstore\bookstore\bookstore\x64\debug\vc141.pdb
e:\study\programming\bookstore\bookstore\bookstore\x64\debug\vc141.idb
e:\study\programming\bookstore\bookstore\bookstore\x64\debug\execute.obj
e:\study\programming\bookstore\bookstore\bookstore\x64\debug\main.obj
e:\study\programming\bookstore\bookstore\bookstore\x64\debug\blocklist.obj
e:\study\programming\bookstore\bookstore\bookstore\x64\debug\user.obj
e:\study\programming\bookstore\bookstore\bookstore\x64\debug\opfile.obj
e:\study\programming\bookstore\bookstore\bookstore\x64\debug\store.obj
e:\study\programming\bookstore\bookstore\bookstore\x64\debug\源.obj
e:\study\programming\bookstore\bookstore\bookstore\x64\debug\book.obj
e:\study\programming\bookstore\bookstore\x64\debug\bookstore.exe
e:\study\programming\bookstore\bookstore\x64\debug\bookstore.ilk
e:\study\programming\bookstore\bookstore\x64\debug\bookstore.pdb
e:\study\programming\bookstore\bookstore\bookstore\x64\debug\pch.obj
e:\study\programming\bookstore\bookstore\bookstore\x64\debug\blocklist.obj.enc
e:\study\programming\bookstore\bookstore\bookstore\x64\debug\bookstore.pch
e:\study\programming\bookstore\bookstore\bookstore\x64\debug\bookstore.tlog\cl.command.1.tlog
e:\study\programming\bookstore\bookstore\bookstore\x64\debug\bookstore.tlog\cl.read.1.tlog
e:\study\programming\bookstore\bookstore\bookstore\x64\debug\bookstore.tlog\cl.write.1.tlog
e:\study\programming\bookstore\bookstore\bookstore\x64\debug\bookstore.tlog\link.command.1.tlog
e:\study\programming\bookstore\bookstore\bookstore\x64\debug\bookstore.tlog\link.read.1.tlog
e:\study\programming\bookstore\bookstore\bookstore\x64\debug\bookstore.tlog\link.write.1.tlog
