  store.cpp
e:\study\programming\bookstore\bookstore\bookstore\store.cpp(46): warning C4267: “初始化”: 从“size_t”转换到“int”，可能丢失数据
e:\study\programming\bookstore\bookstore\bookstore\store.cpp(49): warning C4267: “初始化”: 从“size_t”转换到“int”，可能丢失数据
e:\study\programming\bookstore\bookstore\bookstore\store.cpp(52): warning C4267: “初始化”: 从“size_t”转换到“int”，可能丢失数据
e:\study\programming\bookstore\bookstore\bookstore\store.cpp(59): warning C4267: “初始化”: 从“size_t”转换到“int”，可能丢失数据
e:\study\programming\bookstore\bookstore\bookstore\store.cpp(68): warning C4267: “初始化”: 从“size_t”转换到“int”，可能丢失数据
e:\study\programming\bookstore\bookstore\bookstore\store.cpp(77): warning C4267: “=”: 从“size_t”转换到“int”，可能丢失数据
e:\study\programming\bookstore\bookstore\bookstore\store.cpp(84): warning C4267: “初始化”: 从“size_t”转换到“int”，可能丢失数据
e:\study\programming\bookstore\bookstore\bookstore\store.cpp(92): warning C4267: “=”: 从“size_t”转换到“int”，可能丢失数据
e:\study\programming\bookstore\bookstore\bookstore\store.cpp(101): warning C4267: “初始化”: 从“size_t”转换到“int”，可能丢失数据
e:\study\programming\bookstore\bookstore\bookstore\store.cpp(126): warning C4244: “初始化”: 从“std::streamoff”转换到“int”，可能丢失数据
e:\study\programming\bookstore\bookstore\bookstore\store.cpp(127): warning C4307: “*”: 整型常量溢出
e:\study\programming\bookstore\bookstore\bookstore\store.cpp(128): warning C4244: “=”: 从“std::streamoff”转换到“int”，可能丢失数据
e:\study\programming\bookstore\bookstore\bookstore\store.cpp(130): warning C4244: “=”: 从“std::streamoff”转换到“int”，可能丢失数据
e:\study\programming\bookstore\bookstore\bookstore\store.cpp(136): warning C4307: “*”: 整型常量溢出
e:\study\programming\bookstore\bookstore\bookstore\store.cpp(164): warning C4267: “初始化”: 从“size_t”转换到“int”，可能丢失数据
e:\study\programming\bookstore\bookstore\bookstore\store.cpp(167): warning C4267: “初始化”: 从“size_t”转换到“int”，可能丢失数据
e:\study\programming\bookstore\bookstore\bookstore\store.cpp(170): warning C4267: “初始化”: 从“size_t”转换到“int”，可能丢失数据
e:\study\programming\bookstore\bookstore\bookstore\store.cpp(177): warning C4267: “初始化”: 从“size_t”转换到“int”，可能丢失数据
e:\study\programming\bookstore\bookstore\bookstore\store.cpp(197): warning C4267: “初始化”: 从“size_t”转换到“int”，可能丢失数据
e:\study\programming\bookstore\bookstore\bookstore\store.cpp(220): warning C4267: “初始化”: 从“size_t”转换到“int”，可能丢失数据
e:\study\programming\bookstore\bookstore\bookstore\store.cpp(223): warning C4267: “=”: 从“size_t”转换到“int”，可能丢失数据
e:\study\programming\bookstore\bookstore\bookstore\store.cpp(234): warning C4267: “初始化”: 从“size_t”转换到“int”，可能丢失数据
e:\study\programming\bookstore\bookstore\bookstore\store.cpp(237): warning C4267: “=”: 从“size_t”转换到“int”，可能丢失数据
e:\study\programming\bookstore\bookstore\bookstore\store.cpp(243): warning C4267: “=”: 从“size_t”转换到“int”，可能丢失数据
e:\study\programming\bookstore\bookstore\bookstore\store.cpp(251): warning C4267: “初始化”: 从“size_t”转换到“int”，可能丢失数据
e:\study\programming\bookstore\bookstore\bookstore\store.cpp(255): warning C4267: “=”: 从“size_t”转换到“int”，可能丢失数据
e:\study\programming\bookstore\bookstore\bookstore\store.cpp(259): warning C4267: “=”: 从“size_t”转换到“int”，可能丢失数据
e:\study\programming\bookstore\bookstore\bookstore\store.cpp(266): warning C4267: “初始化”: 从“size_t”转换到“int”，可能丢失数据
e:\study\programming\bookstore\bookstore\bookstore\store.cpp(272): warning C4267: “初始化”: 从“size_t”转换到“int”，可能丢失数据
e:\study\programming\bookstore\bookstore\bookstore\store.cpp(275): warning C4267: “=”: 从“size_t”转换到“int”，可能丢失数据
e:\study\programming\bookstore\bookstore\bookstore\store.cpp(286): warning C4267: “=”: 从“size_t”转换到“int”，可能丢失数据
e:\study\programming\bookstore\bookstore\bookstore\store.cpp(301): warning C4267: “初始化”: 从“size_t”转换到“int”，可能丢失数据
e:\study\programming\bookstore\bookstore\bookstore\store.cpp(325): warning C4267: “初始化”: 从“size_t”转换到“int”，可能丢失数据
  Bookstore.vcxproj -> E:\study\programming\Bookstore\bookstore\x64\Debug\Bookstore.exe
